\BOOKMARK [1][-]{section.1}{\376\377\000C\000o\000n\000f\000i\000d\000e\000n\000t\000i\000a\000l\000\040\000c\000o\000m\000p\000u\000t\000i\000n\000g}{}% 1
\BOOKMARK [2][-]{subsection.1.1}{\376\377\000T\000r\000u\000s\000t\000e\000d\000\040\000E\000x\000e\000c\000u\000t\000i\000o\000n\000\040\000E\000n\000v\000i\000r\000o\000n\000m\000e\000n\000t\000\040\000\050\000T\000E\000E\000\051}{section.1}% 2
\BOOKMARK [2][-]{subsection.1.2}{\376\377\000I\000n\000t\000e\000l\000\040\000S\000o\000f\000t\000w\000a\000r\000e\000\040\000G\000u\000a\000r\000d\000s\000\040\000E\000x\000t\000e\000n\000t\000i\000o\000n\000s\000\040\000\050\000S\000G\000X\000\051}{section.1}% 3
\BOOKMARK [3][-]{subsubsection.1.2.1}{\376\377\000E\000n\000c\000l\000a\000v\000e}{subsection.1.2}% 4
\BOOKMARK [3][-]{subsubsection.1.2.2}{\376\377\000A\000t\000t\000e\000s\000t\000a\000z\000i\000o\000n\000e}{subsection.1.2}% 5
\BOOKMARK [3][-]{subsubsection.1.2.3}{\376\377\000S\000G\000X\0002}{subsection.1.2}% 6
\BOOKMARK [1][-]{section.2}{\376\377\000S\000t\000r\000u\000m\000e\000n\000t\000i}{}% 7
\BOOKMARK [2][-]{subsection.2.1}{\376\377\000C\000l\000a\000s\000s\000i\000f\000i\000c\000a\000z\000i\000o\000n\000e}{section.2}% 8
\BOOKMARK [2][-]{subsection.2.2}{\376\377\000G\000r\000a\000m\000i\000n\000e}{section.2}% 9
\BOOKMARK [3][-]{subsubsection.2.2.1}{\376\377\000S\000t\000r\000u\000t\000t\000u\000r\000a\000\040\000d\000i\000\040\000u\000n\000'\000a\000p\000p\000l\000i\000c\000a\000z\000i\000o\000n\000e\000\040\000c\000o\000n\000\040\000G\000r\000a\000m\000i\000n\000e}{subsection.2.2}% 10
\BOOKMARK [3][-]{subsubsection.2.2.2}{\376\377\000R\000e\000m\000o\000t\000e\000\040\000a\000t\000t\000e\000s\000t\000a\000t\000i\000o\000n}{subsection.2.2}% 11
\BOOKMARK [2][-]{subsection.2.3}{\376\377\000O\000p\000e\000n\000E\000n\000c\000l\000a\000v\000e}{section.2}% 12
\BOOKMARK [3][-]{subsubsection.2.3.1}{\376\377\000S\000t\000r\000u\000t\000t\000u\000r\000a\000\040\000d\000i\000\040\000u\000n\000'\000a\000p\000p\000l\000i\000c\000a\000z\000i\000o\000n\000e\000\040\000c\000o\000n\000\040\000O\000p\000e\000n\000\040\000E\000n\000c\000l\000a\000v\000e}{subsection.2.3}% 13
\BOOKMARK [3][-]{subsubsection.2.3.2}{\376\377\000A\000t\000t\000e\000s\000t\000a\000z\000i\000o\000n\000e}{subsection.2.3}% 14
\BOOKMARK [1][-]{section.3}{\376\377\000S\000v\000i\000l\000u\000p\000p\000o\000\040\000d\000i\000\040\000u\000n\000'\000a\000p\000p\000l\000i\000c\000a\000z\000i\000o\000n\000e\000\040\000s\000i\000c\000u\000r\000a}{}% 15
\BOOKMARK [2][-]{subsection.3.1}{\376\377\000S\000e\000t\000u\000p\000\040\000d\000i\000\040\000l\000a\000b\000o\000r\000a\000t\000o\000r\000i\000o}{section.3}% 16
\BOOKMARK [3][-]{subsubsection.3.1.1}{\376\377\000I\000n\000s\000t\000a\000l\000l\000a\000z\000i\000o\000n\000e\000\040\000G\000r\000a\000m\000i\000n\000e}{subsection.3.1}% 17
\BOOKMARK [3][-]{subsubsection.3.1.2}{\376\377\000I\000n\000s\000t\000a\000l\000l\000a\000z\000i\000o\000n\000e\000\040\000O\000p\000e\000n\000\040\000E\000n\000c\000l\000a\000v\000e}{subsection.3.1}% 18
\BOOKMARK [3][-]{subsubsection.3.1.3}{\376\377\000C\000o\000n\000f\000i\000g\000u\000r\000a\000z\000i\000o\000n\000e\000\040\000i\000n\000f\000r\000a\000s\000t\000r\000u\000t\000t\000u\000r\000a\000\040\000D\000C\000A\000P}{subsection.3.1}% 19
\BOOKMARK [2][-]{subsection.3.2}{\376\377\000A\000p\000p\000l\000i\000c\000a\000z\000i\000o\000n\000e\000\040\000b\000a\000s\000e\000:\000\040\000h\000e\000l\000l\000o\000w\000o\000r\000l\000d}{section.3}% 20
\BOOKMARK [3][-]{subsubsection.3.2.1}{\376\377\000G\000r\000a\000m\000i\000n\000e}{subsection.3.2}% 21
\BOOKMARK [3][-]{subsubsection.3.2.2}{\376\377\000O\000p\000e\000n\000E\000n\000c\000l\000a\000v\000e}{subsection.3.2}% 22
\BOOKMARK [2][-]{subsection.3.3}{\376\377\000R\000e\000m\000o\000t\000e\000\040\000a\000t\000t\000e\000s\000t\000a\000t\000i\000o\000n}{section.3}% 23
\BOOKMARK [3][-]{subsubsection.3.3.1}{\376\377\000G\000r\000a\000m\000i\000n\000e}{subsection.3.3}% 24
\BOOKMARK [2][-]{subsection.3.4}{\376\377\000A\000p\000p\000l\000i\000c\000a\000z\000i\000o\000n\000e\000\040\000a\000v\000a\000n\000z\000a\000t\000a\000:\000\040\000s\000q\000l\000i\000t\000e\0003}{section.3}% 25
\BOOKMARK [1][-]{section.4}{\376\377\000S\000v\000i\000l\000u\000p\000p\000i\000\040\000f\000u\000t\000u\000r\000i\000:\000\040\000I\000n\000t\000e\000l\000\040\000T\000r\000u\000s\000t\000e\000d\000\040\000D\000o\000m\000a\000i\000n\000s\000\040\000E\000x\000t\000e\000n\000t\000i\000o\000n\000s\000\040\000\050\000T\000D\000X\000\051}{}% 26
\BOOKMARK [2][-]{subsection.4.1}{\376\377\000V\000i\000r\000t\000u\000a\000l\000i\000z\000z\000a\000z\000i\000o\000n\000e}{section.4}% 27
\BOOKMARK [2][-]{subsection.4.2}{\376\377\000M\000e\000m\000o\000r\000y\000\040\000p\000r\000o\000t\000e\000c\000t\000i\000o\000n}{section.4}% 28
\BOOKMARK [2][-]{subsection.4.3}{\376\377\000A\000t\000t\000e\000s\000t\000a\000z\000i\000o\000n\000e}{section.4}% 29
\BOOKMARK [1][-]{subsection.4.3}{\376\377\000R\000i\000f\000e\000r\000i\000m\000e\000n\000t\000i}{}% 30
